<?xml version="1.0" encoding="UTF-8"?>
<testng-results ignored="0" total="1" passed="1" failed="0" skipped="0">
  <reporter-output>
  </reporter-output>
  <suite started-at="2021-12-30T19:50:31 IST" name="Default suite" finished-at="2021-12-30T19:50:44 IST" duration-ms="13182">
    <groups>
    </groups>
    <test started-at="2021-12-30T19:50:31 IST" name="Default test" finished-at="2021-12-30T19:50:44 IST" duration-ms="13182">
      <class name="PetStore.SearchResultPageTest">
        <test-method is-config="true" signature="loadConfig()[pri:0, instance:PetStore.SearchResultPageTest@19e4653c]" started-at="2021-12-30T19:50:31 IST" name="loadConfig" finished-at="2021-12-30T19:50:31 IST" duration-ms="11" status="PASS">
          <reporter-output>
          </reporter-output>
        </test-method> <!-- loadConfig -->
        <test-method is-config="true" signature="setup()[pri:0, instance:PetStore.SearchResultPageTest@19e4653c]" started-at="2021-12-30T19:50:31 IST" name="setup" finished-at="2021-12-30T19:50:38 IST" duration-ms="7745" status="PASS">
          <reporter-output>
          </reporter-output>
        </test-method> <!-- setup -->
        <test-method signature="productAvailability()[pri:0, instance:PetStore.SearchResultPageTest@19e4653c]" started-at="2021-12-30T19:50:38 IST" name="productAvailability" finished-at="2021-12-30T19:50:43 IST" duration-ms="4080" status="PASS">
          <reporter-output>
          </reporter-output>
        </test-method> <!-- productAvailability -->
        <test-method is-config="true" signature="tearDown()[pri:0, instance:PetStore.SearchResultPageTest@19e4653c]" started-at="2021-12-30T19:50:43 IST" name="tearDown" finished-at="2021-12-30T19:50:44 IST" duration-ms="1295" status="PASS">
          <reporter-output>
          </reporter-output>
        </test-method> <!-- tearDown -->
      </class> <!-- PetStore.SearchResultPageTest -->
    </test> <!-- Default test -->
  </suite> <!-- Default suite -->
</testng-results>
